Using pre-set license
Built from '2022.3/release' branch; Version is '2022.3.5f1 (9674261d40ee) revision 9860134'; Using compiler version '192829333'; Build Type 'Release'
OS: 'Windows 10  (10.0.19045) 64bit Enterprise' Language: 'es' Physical Memory: 32598 MB
BatchMode: 1, IsHumanControllingUs: 0, StartBugReporterOnCrash: 0, Is64bit: 1, IsPro: 1

COMMAND LINE ARGUMENTS:
E:\SOFTWARE\2022.3.5f1\Editor\Unity.exe
-adb2
-batchMode
-noUpm
-name
AssetImportWorker4
-projectPath
E:/UNITY PROJECTS/Diseño de niveles Parcial 1
-logFile
Logs/AssetImportWorker4.log
-srvPort
52196
Successfully changed project path to: E:/UNITY PROJECTS/Diseño de niveles Parcial 1
E:/UNITY PROJECTS/Diseño de niveles Parcial 1
[UnityMemory] Configuration Parameters - Can be set up in boot.config
    "memorysetup-bucket-allocator-granularity=16"
    "memorysetup-bucket-allocator-bucket-count=8"
    "memorysetup-bucket-allocator-block-size=33554432"
    "memorysetup-bucket-allocator-block-count=8"
    "memorysetup-main-allocator-block-size=16777216"
    "memorysetup-thread-allocator-block-size=16777216"
    "memorysetup-gfx-main-allocator-block-size=16777216"
    "memorysetup-gfx-thread-allocator-block-size=16777216"
    "memorysetup-cache-allocator-block-size=4194304"
    "memorysetup-typetree-allocator-block-size=2097152"
    "memorysetup-profiler-bucket-allocator-granularity=16"
    "memorysetup-profiler-bucket-allocator-bucket-count=8"
    "memorysetup-profiler-bucket-allocator-block-size=33554432"
    "memorysetup-profiler-bucket-allocator-block-count=8"
    "memorysetup-profiler-allocator-block-size=16777216"
    "memorysetup-profiler-editor-allocator-block-size=1048576"
    "memorysetup-temp-allocator-size-main=16777216"
    "memorysetup-job-temp-allocator-block-size=2097152"
    "memorysetup-job-temp-allocator-block-size-background=1048576"
    "memorysetup-job-temp-allocator-reduction-small-platforms=262144"
    "memorysetup-allocator-temp-initial-block-size-main=262144"
    "memorysetup-allocator-temp-initial-block-size-worker=262144"
    "memorysetup-temp-allocator-size-background-worker=32768"
    "memorysetup-temp-allocator-size-job-worker=262144"
    "memorysetup-temp-allocator-size-preload-manager=33554432"
    "memorysetup-temp-allocator-size-nav-mesh-worker=65536"
    "memorysetup-temp-allocator-size-audio-worker=65536"
    "memorysetup-temp-allocator-size-cloud-worker=32768"
    "memorysetup-temp-allocator-size-gi-baking-worker=262144"
    "memorysetup-temp-allocator-size-gfx=262144"
Player connection [26716] Host "[IP] 192.168.191.46 [Port] 0 [Flags] 2 [Guid] 1438130361 [EditorId] 1438130361 [Version] 1048832 [Id] WindowsEditor(7,DESKTOP-H99RJ26) [Debug] 1 [PackageName] WindowsEditor [ProjectName] Editor" joined multi-casting on [225.0.0.222:54997]...

Player connection [26716] Host "[IP] 192.168.191.46 [Port] 0 [Flags] 2 [Guid] 1438130361 [EditorId] 1438130361 [Version] 1048832 [Id] WindowsEditor(7,DESKTOP-H99RJ26) [Debug] 1 [PackageName] WindowsEditor [ProjectName] Editor" joined alternative multi-casting on [225.0.0.222:34997]...

Refreshing native plugins compatible for Editor in 11.47 ms, found 3 plugins.
Preloading 0 native plugins for Editor in 0.00 ms.
Initialize engine version: 2022.3.5f1 (9674261d40ee)
[Subsystems] Discovering subsystems at path E:/SOFTWARE/2022.3.5f1/Editor/Data/Resources/UnitySubsystems
[Subsystems] Discovering subsystems at path E:/UNITY PROJECTS/Diseño de niveles Parcial 1/Assets
GfxDevice: creating device client; threaded=0; jobified=0
Direct3D:
    Version:  Direct3D 11.0 [level 11.1]
    Renderer: NVIDIA GeForce RTX 3050 (ID=0x2584)
    Vendor:   NVIDIA
    VRAM:     6002 MB
    Driver:   32.0.15.7270
Initialize mono
Mono path[0] = 'E:/SOFTWARE/2022.3.5f1/Editor/Data/Managed'
Mono path[1] = 'E:/SOFTWARE/2022.3.5f1/Editor/Data/MonoBleedingEdge/lib/mono/unityjit-win32'
Mono config path = 'E:/SOFTWARE/2022.3.5f1/Editor/Data/MonoBleedingEdge/etc'
Using monoOptions --debugger-agent=transport=dt_socket,embedding=1,server=y,suspend=n,address=127.0.0.1:56352
Begin MonoManager ReloadAssembly
Registering precompiled unity dll's ...
Register platform support module: E:/SOFTWARE/2022.3.5f1/Editor/Data/PlaybackEngines/WindowsStandaloneSupport/UnityEditor.WindowsStandalone.Extensions.dll
Registered in 0.007329 seconds.
- Loaded All Assemblies, in  0.472 seconds
Native extension for WindowsStandalone target not found
Mono: successfully reloaded assembly
- Finished resetting the current domain, in  0.321 seconds
Domain Reload Profiling: 794ms
	BeginReloadAssembly (178ms)
		ExecutionOrderSort (0ms)
		DisableScriptedObjects (0ms)
		BackupInstance (0ms)
		ReleaseScriptingObjects (0ms)
		CreateAndSetChildDomain (1ms)
	RebuildCommonClasses (51ms)
	RebuildNativeTypeToScriptingClass (16ms)
	initialDomainReloadingComplete (74ms)
	LoadAllAssembliesAndSetupDomain (153ms)
		LoadAssemblies (176ms)
		RebuildTransferFunctionScriptingTraits (0ms)
		AnalyzeDomain (149ms)
			TypeCache.Refresh (148ms)
				TypeCache.ScanAssembly (134ms)
			ScanForSourceGeneratedMonoScriptInfo (0ms)
			ResolveRequiredComponents (1ms)
	FinalizeReload (322ms)
		ReleaseScriptCaches (0ms)
		RebuildScriptCaches (0ms)
		SetupLoadedEditorAssemblies (251ms)
			LogAssemblyErrors (0ms)
			InitializePlatformSupportModulesInManaged (9ms)
			SetLoadedEditorAssemblies (9ms)
			RefreshPlugins (0ms)
			BeforeProcessingInitializeOnLoad (2ms)
			ProcessInitializeOnLoadAttributes (165ms)
			ProcessInitializeOnLoadMethodAttributes (65ms)
			AfterProcessingInitializeOnLoad (0ms)
			EditorAssembliesLoaded (0ms)
		ExecutionOrderSort2 (0ms)
		AwakeInstancesAfterBackupRestoration (0ms)
========================================================================
Worker process is ready to serve import requests
Begin MonoManager ReloadAssembly
Symbol file LoadedFromMemory doesn't match image E:\UNITY PROJECTS\Diseño de niveles Parcial 1\Library\PackageCache\com.unity.visualscripting@1.8.0\Editor\VisualScripting.Core\Dependencies\YamlDotNet\Unity.VisualScripting.YamlDotNet.dll
Symbol file LoadedFromMemory doesn't match image E:\UNITY PROJECTS\Diseño de niveles Parcial 1\Library\PackageCache\com.unity.visualscripting@1.8.0\Editor\VisualScripting.Core\Dependencies\DotNetZip\Unity.VisualScripting.IonicZip.dll
TypeRef ResolutionScope not yet handled (217) for .IMergeView in image E:\UNITY PROJECTS\Diseño de niveles Parcial 1\Library\ScriptAssemblies\Unity.PlasticSCM.Editor.dll
Unloading broken assembly Library/ScriptAssemblies/Unity.PlasticSCM.Editor.dll, this assembly can cause crashes in the runtime
- Loaded All Assemblies, in  0.819 seconds
Refreshing native plugins compatible for Editor in 4.41 ms, found 3 plugins.
Could not load signature of Unity.PlasticSCM.Editor.Developer.UpdateReport.UpdateReportDialog:DoErrorDetailsTextArea due to: Could not resolve type with token 01000163 from typeref (expected class 'Codice.Client.BaseCommands.ReportLine' in assembly 'unityplastic, Version=11.0.16.7995, Culture=neutral, PublicKeyToken=a107c9c6e34c8876') assembly:unityplastic, Version=11.0.16.7995, Culture=neutral, PublicKeyToken=a107c9c6e34c8876 type:Codice.Client.BaseCommands.ReportLine member:(null)
Could not load signature of Unity.PlasticSCM.Editor.Gluon.UpdateReport.UpdateReportDialog:ShowUpdateReport due to: Could not resolve type with token 0100006c from typeref (expected class 'Codice.Client.BaseCommands.ErrorMessage' in assembly 'unityplastic, Version=11.0.16.7995, Culture=neutral, PublicKeyToken=a107c9c6e34c8876') assembly:unityplastic, Version=11.0.16.7995, Culture=neutral, PublicKeyToken=a107c9c6e34c8876 type:Codice.Client.BaseCommands.ErrorMessage member:(null)
Could not load signature of Unity.PlasticSCM.Editor.Gluon.UpdateReport.UpdateReportDialog:UpdateUpdateReportList due to: Could not resolve type with token 0100006c from typeref (expected class 'Codice.Client.BaseCommands.ErrorMessage' in assembly 'unityplastic, Version=11.0.16.7995, Culture=neutral, PublicKeyToken=a107c9c6e34c8876') assembly:unityplastic, Version=11.0.16.7995, Culture=neutral, PublicKeyToken=a107c9c6e34c8876 type:Codice.Client.BaseCommands.ErrorMessage member:(null)
Could not load signature of Unity.PlasticSCM.Editor.Gluon.UpdateReport.UpdateReportDialog:GetErrorDetailsText due to: Could not resolve type with token 0100006c from typeref (expected class 'Codice.Client.BaseCommands.ErrorMessage' in assembly 'unityplastic, Version=11.0.16.7995, Culture=neutral, PublicKeyToken=a107c9c6e34c8876') assembly:unityplastic, Version=11.0.16.7995, Culture=neutral, PublicKeyToken=a107c9c6e34c8876 type:Codice.Client.BaseCommands.ErrorMessage member:(null)
Could not load signature of Unity.PlasticSCM.Editor.Gluon.UpdateReport.UpdateReportDialog:DoErrorDetailsTextArea due to: Could not resolve type with token 0100006c from typeref (expected class 'Codice.Client.BaseCommands.ErrorMessage' in assembly 'unityplastic, Version=11.0.16.7995, Culture=neutral, PublicKeyToken=a107c9c6e34c8876') assembly:unityplastic, Version=11.0.16.7995, Culture=neutral, PublicKeyToken=a107c9c6e34c8876 type:Codice.Client.BaseCommands.ErrorMessage member:(null)
Could not load signature of Unity.PlasticSCM.Editor.Gluon.UpdateReport.UpdateReportDialog:Create due to: Could not resolve type with token 0100006c from typeref (expected class 'Codice.Client.BaseCommands.ErrorMessage' in assembly 'unityplastic, Version=11.0.16.7995, Culture=neutral, PublicKeyToken=a107c9c6e34c8876') assembly:unityplastic, Version=11.0.16.7995, Culture=neutral, PublicKeyToken=a107c9c6e34c8876 type:Codice.Client.BaseCommands.ErrorMessage member:(null)
Native extension for WindowsStandalone target not found
Mono: successfully reloaded assembly
- Finished resetting the current domain, in  0.491 seconds
Domain Reload Profiling: 1310ms
	BeginReloadAssembly (158ms)
		ExecutionOrderSort (0ms)
		DisableScriptedObjects (7ms)
		BackupInstance (0ms)
		ReleaseScriptingObjects (0ms)
		CreateAndSetChildDomain (21ms)
	RebuildCommonClasses (40ms)
	RebuildNativeTypeToScriptingClass (13ms)
	initialDomainReloadingComplete (46ms)
	LoadAllAssembliesAndSetupDomain (561ms)
		LoadAssemblies (313ms)
		RebuildTransferFunctionScriptingTraits (0ms)
		AnalyzeDomain (335ms)
			TypeCache.Refresh (312ms)
				TypeCache.ScanAssembly (298ms)
			ScanForSourceGeneratedMonoScriptInfo (18ms)
			ResolveRequiredComponents (6ms)
	FinalizeReload (492ms)
		ReleaseScriptCaches (0ms)
		RebuildScriptCaches (0ms)
		SetupLoadedEditorAssemblies (315ms)
			LogAssemblyErrors (0ms)
			InitializePlatformSupportModulesInManaged (5ms)
			SetLoadedEditorAssemblies (3ms)
			RefreshPlugins (0ms)
			BeforeProcessingInitializeOnLoad (73ms)
			ProcessInitializeOnLoadAttributes (203ms)
			ProcessInitializeOnLoadMethodAttributes (28ms)
			AfterProcessingInitializeOnLoad (4ms)
			EditorAssembliesLoaded (0ms)
		ExecutionOrderSort2 (0ms)
		AwakeInstancesAfterBackupRestoration (11ms)
Launched and connected shader compiler UnityShaderCompiler.exe after 0.05 seconds
Refreshing native plugins compatible for Editor in 3.29 ms, found 3 plugins.
Preloading 0 native plugins for Editor in 0.00 ms.
Unloading 5272 Unused Serialized files (Serialized files now loaded: 0)
Unloading 45 unused Assets / (1.6 MB). Loaded Objects now: 5720.
Memory consumption went from 174.9 MB to 173.3 MB.
Total: 4.197900 ms (FindLiveObjects: 0.773000 ms CreateObjectMapping: 0.297400 ms MarkObjects: 2.738300 ms  DeleteObjects: 0.387500 ms)

AssetImportParameters requested are different than current active one (requested -> active):
  custom:container-demuxer-ogg: 62fdf1f143b41e24485cea50d1cbac27 -> 
  custom:scripting/precompiled-assembly-types:Unity.PlasticSCM.Editor: 1ef1cb9af7c7d64bd75bd621bba19cd7 -> 
  custom:video-codec-MediaFoundation-h265: e54d7ab0439102e2317fc1e4b246158d -> 
  custom:video-decoder-ogg-theora: a1e56fd34408186e4bbccfd4996cb3dc -> 
  custom:framework-win-MediaFoundation: 216162199b28c13a410421893ffa2e32 -> 
  custom:CustomObjectIndexerAttribute: 756ad292c208cfabdd7b50bc23989ffe -> 
  custom:container-demuxer-webm: 4f35f7cbe854078d1ac9338744f61a02 -> 
  custom:container-muxer-webm: aa71ff27fc2769a1b78a27578f13a17b -> 
  custom:video-decoder-webm-vp8: 9c59270c3fd7afecdb556c50c9e8de78 -> 
  custom:AudioImporter_EditorPlatform: d09bf68614088b80899f8185d706f6e7 -> 
  custom:video-encoder-webm-vp8: eb34c28f22e8b96e1ab97ce403110664 -> 
  custom:audio-decoder-ogg-vorbis: bf7c407c2cedff20999df2af8eb42d56 -> 
  custom:audio-encoder-webm-vorbis: bf7c407c2cedff20999df2af8eb42d56 -> 
  custom:scripting/precompiled-assembly-types:unityplastic: c88b43b34128fd408eae2a5e7f1e6a51 -> 3c30bc2c6029bd937aec52f5f186acab
========================================================================
Received Import Request.
  Time since last request: 15735.392516 seconds.
  path: Assets/PLAYER TWO/Platformer Project/Examples/Scenes
  artifactKey: Guid(fd808df5d95de0c4a9c42d1a1ba42a01) Importer(815301076,1909f56bfc062723c751e8b465ee728b)
Start importing Assets/PLAYER TWO/Platformer Project/Examples/Scenes using Guid(fd808df5d95de0c4a9c42d1a1ba42a01) Importer(815301076,1909f56bfc062723c751e8b465ee728b)  -> (artifact id: '6a7336594eb0e76a5d6308294f7f26f6') in 0.003724 seconds
Number of updated asset objects reloaded before import = 0
Number of asset objects unloaded after import = 0
========================================================================
Received Import Request.
  Time since last request: 2.977635 seconds.
  path: Assets/PLAYER TWO/Platformer Project/Examples/Scenes/FileSelect.unity
  artifactKey: Guid(784a971f04705024890fd845c19c2832) Importer(815301076,1909f56bfc062723c751e8b465ee728b)
Start importing Assets/PLAYER TWO/Platformer Project/Examples/Scenes/FileSelect.unity using Guid(784a971f04705024890fd845c19c2832) Importer(815301076,1909f56bfc062723c751e8b465ee728b)  -> (artifact id: '2614b74368f55f0aac703c006af40e3c') in 0.000511 seconds
Number of updated asset objects reloaded before import = 0
Number of asset objects unloaded after import = 0
========================================================================
Received Import Request.
  Time since last request: 4.190934 seconds.
  path: Assets/PLAYER TWO/Platformer Project/Examples/Scenes/LevelSelect.unity
  artifactKey: Guid(1334fc2701a18a04287675bd4ebab3ac) Importer(815301076,1909f56bfc062723c751e8b465ee728b)
Start importing Assets/PLAYER TWO/Platformer Project/Examples/Scenes/LevelSelect.unity using Guid(1334fc2701a18a04287675bd4ebab3ac) Importer(815301076,1909f56bfc062723c751e8b465ee728b)  -> (artifact id: 'fbfc1ba1ee1e3e142941c795831bbf28') in 0.000593 seconds
Number of updated asset objects reloaded before import = 0
Number of asset objects unloaded after import = 0
========================================================================
Received Import Request.
  Time since last request: 0.929759 seconds.
  path: Assets/PLAYER TWO/Platformer Project/Examples/Scenes/TestLevelScene.unity
  artifactKey: Guid(278a551158294f341b62da4310b65882) Importer(815301076,1909f56bfc062723c751e8b465ee728b)
Start importing Assets/PLAYER TWO/Platformer Project/Examples/Scenes/TestLevelScene.unity using Guid(278a551158294f341b62da4310b65882) Importer(815301076,1909f56bfc062723c751e8b465ee728b)  -> (artifact id: '387b71f8aef7e72af70b02abc002387c') in 0.000590 seconds
Number of updated asset objects reloaded before import = 0
Number of asset objects unloaded after import = 0
